app/build/intermediates/manifest_merge_blame_file/debug/manifest-merger-blame-debug-report.txt
1<?xml version="1.0" encoding="utf-8"?>
2<manifest xmlns:android="http://schemas.android.com/apk/res/android"
3    package="cs2114.aurem"
4    android:versionCode="1"
5    android:versionName="1.0" >
6
7    <uses-sdk android:minSdkVersion="10" />
7-->src\main\AndroidManifest.xml:7:5-44
7-->src\main\AndroidManifest.xml:7:15-41
8
9    <uses-permission android:name="android.permission.MODIFY_AUDIO_SETTINGS" />
9-->src\main\AndroidManifest.xml:9:5-80
9-->src\main\AndroidManifest.xml:9:22-77
10    <uses-permission android:name="android.permission.WRITE_EXTERNAL_STORAGE" />
10-->src\main\AndroidManifest.xml:10:5-81
10-->src\main\AndroidManifest.xml:10:22-78
11
12    <application
12-->src\main\AndroidManifest.xml:12:5-32:19
13        android:debuggable="true"
14        android:icon="@drawable/ic_launcher"
14-->src\main\AndroidManifest.xml:13:9-45
15        android:label="@string/app_name" >
15-->src\main\AndroidManifest.xml:14:9-41
16        <activity
16-->src\main\AndroidManifest.xml:15:9-25:20
17            android:name="cs2114.aurem.AuremActivity"
17-->src\main\AndroidManifest.xml:15:19-48
18            android:label="@string/app_name"
18-->src\main\AndroidManifest.xml:16:13-45
19            android:launchMode="singleTask"
19-->src\main\AndroidManifest.xml:17:13-44
20            android:screenOrientation="portrait"
20-->src\main\AndroidManifest.xml:19:13-49
21            android:theme="@android:style/Theme.Black.NoTitleBar" >
21-->src\main\AndroidManifest.xml:18:13-66
22            <intent-filter>
22-->src\main\AndroidManifest.xml:20:13-24:29
23                <action android:name="android.intent.action.MAIN" />
23-->src\main\AndroidManifest.xml:21:17-69
23-->src\main\AndroidManifest.xml:21:25-66
24
25                <category android:name="android.intent.category.LAUNCHER" />
25-->src\main\AndroidManifest.xml:23:17-77
25-->src\main\AndroidManifest.xml:23:27-74
26            </intent-filter>
27        </activity>
28
29        <service android:name="cs2114.aurem.EqualizerService" >
29-->src\main\AndroidManifest.xml:27:9-28:19
29-->src\main\AndroidManifest.xml:27:18-50
30        </service>
31
32        <activity android:name="cs2114.aurem.PresetListView" >
32-->src\main\AndroidManifest.xml:30:9-31:20
32-->src\main\AndroidManifest.xml:30:19-48
33        </activity>
34    </application>
35
36</manifest>